2024-06-05 16:30:19 error [www]: GET /user Not Found
2024-06-05 16:31:33 error [www]: GET /user Not Found
2024-06-05 19:19:37 error [www]: GET /favicon.ico Not Found
2024-06-05 20:02:25 error [www]: GET /favicon.ico Not Found
2024-06-06 15:28:35 error [www.ts]: GET /error Not Found
2024-06-06 15:40:31 error [www.ts]: GET /error Not Found
2024-06-06 15:40:35 error [www.ts]: GET / Failed to lookup view "index" in views directory "/Users/jiangmengjie/Downloads/person-projects/mengmengai/src/views"
2024-06-06 15:40:38 error [www.ts]: GET / Failed to lookup view "index" in views directory "/Users/jiangmengjie/Downloads/person-projects/mengmengai/src/views"
2024-06-06 16:49:53 error [www.ts]: GET /user Not Found
2024-06-06 16:50:35 error [www.ts]: GET /chat Not Found
2025-10-16 11:23:37 error [www.ts]: GET /stylesheets/style.css Not Found
2025-10-16 11:23:37 error [www.ts]: GET /favicon.ico Not Found
2025-10-16 11:28:32 error [www.ts]: POST /api/v1/gaokao/consult Not Found
2025-10-16 13:13:13 error [www.ts]: POST /api/v1/gaokao/import-excel Field name missing
2025-10-16 16:24:50 error [www.ts]: HEAD /api/v1/chat Not Found
2025-10-21 13:18:52 error [www.ts]: GET /stylesheets/style.css Not Found
2025-10-21 13:18:52 error [www.ts]: GET /stylesheets/style.css Not Found
2025-10-21 13:18:52 error [www.ts]: GET /@vite/client Not Found
2025-10-21 13:37:00 error [www.ts]: GET /stylesheets/style.css Not Found
2025-10-21 13:39:42 error [www.ts]: GET /stylesheets/style.css Not Found
2025-10-21 13:39:42 error [www.ts]: GET /@vite/client Not Found
2025-10-21 13:39:48 error [www.ts]: GET /stylesheets/style.css Not Found
2025-10-21 13:39:48 error [www.ts]: GET /@vite/client Not Found
2025-10-21 13:39:51 error [www.ts]: GET /stylesheets/style.css Not Found
2025-10-21 13:43:12 error [www.ts]: GET /stylesheets/style.css Not Found
2025-10-21 16:14:30 error [www.ts]: GET /stylesheets/style.css Not Found
2025-10-21 16:14:30 error [www.ts]: GET /@vite/client Not Found
2025-10-21 16:42:07 error [www.ts]: GET /stylesheets/style.css Not Found
2025-10-21 16:42:07 error [www.ts]: GET /@vite/client Not Found
2025-10-22 08:22:21 error [www.ts]: GET /stylesheets/style.css Not Found
2025-10-22 08:22:21 error [www.ts]: GET /@vite/client Not Found
2025-10-22 08:22:37 error [www.ts]: GET /stylesheets/style.css Not Found
2025-10-22 08:22:44 error [www.ts]: GET /chat Not Found
2025-10-22 08:23:49 error [www.ts]: GET / Not Found
2025-10-22 08:58:38 error [www.ts]: GET /stylesheets/style.css Not Found
2025-10-22 08:58:38 error [www.ts]: GET /@vite/client Not Found
2025-10-22 10:23:07 error [www.ts]: GET / Not Found
2025-10-22 10:34:35 error [www.ts]: GET /stylesheets/style.css Not Found
2025-10-22 10:51:04 error [www.ts]: GET /stylesheets/style.css Not Found
2025-10-22 10:51:04 error [www.ts]: GET /@vite/client Not Found
2025-10-22 10:57:56 error [www.ts]: GET /chat?ide_webview_request_time=1761101876903 Not Found
2025-10-22 10:57:56 error [www.ts]: GET /chat?ide_webview_request_time=1761101876928 Not Found
2025-10-22 10:57:57 error [www.ts]: GET /@vite/client Not Found
2025-10-22 10:58:04 error [www.ts]: GET /chat?ide_webview_request_time=1761101884700 Not Found
2025-10-22 10:58:04 error [www.ts]: GET /@vite/client Not Found
2025-10-22 10:58:11 error [www.ts]: GET /chat Not Found
2025-10-22 10:58:13 error [www.ts]: GET / Not Found
2025-10-22 10:58:40 error [www.ts]: GET /chat?ide_webview_request_time=1761101920823 Not Found
2025-10-22 10:58:40 error [www.ts]: GET /@vite/client Not Found
2025-10-22 10:58:49 error [www.ts]: GET /chat?ide_webview_request_time=1761101929839 Not Found
2025-10-22 10:58:49 error [www.ts]: GET /@vite/client Not Found
2025-10-22 10:59:28 error [www.ts]: GET /stylesheets/style.css Not Found
2025-10-22 10:59:28 error [www.ts]: GET /stylesheets/chat.css Not Found
2025-10-22 10:59:28 error [www.ts]: GET /javascripts/chat.js Not Found
2025-10-22 10:59:28 error [www.ts]: GET /@vite/client Not Found
2025-10-22 10:59:36 error [www.ts]: GET /stylesheets/style.css Not Found
2025-10-22 10:59:36 error [www.ts]: GET /stylesheets/chat.css Not Found
2025-10-22 10:59:36 error [www.ts]: GET /javascripts/chat.js Not Found
2025-10-22 10:59:36 error [www.ts]: GET /@vite/client Not Found
2025-10-22 11:00:12 error [www.ts]: GET /stylesheets/style.css Not Found
2025-10-22 11:00:12 error [www.ts]: GET /stylesheets/chat.css Not Found
2025-10-22 11:00:12 error [www.ts]: GET /javascripts/chat.js Not Found
2025-10-22 11:00:12 error [www.ts]: GET /@vite/client Not Found
2025-10-22 11:00:42 error [www.ts]: GET /public/stylesheets/style.css Not Found
2025-10-22 11:00:42 error [www.ts]: GET /public/stylesheets/chat.css Not Found
2025-10-22 11:00:42 error [www.ts]: GET /public/javascripts/chat.js Not Found
2025-10-22 11:00:42 error [www.ts]: GET /@vite/client Not Found
2025-10-22 11:00:44 error [www.ts]: GET /public/stylesheets/style.css Not Found
2025-10-22 11:00:44 error [www.ts]: GET /public/stylesheets/chat.css Not Found
2025-10-22 11:00:44 error [www.ts]: GET /public/javascripts/chat.js Not Found
2025-10-22 11:00:44 error [www.ts]: GET /@vite/client Not Found
2025-10-22 11:01:16 error [www.ts]: GET /public/stylesheets/style.css Not Found
2025-10-22 11:01:16 error [www.ts]: GET /public/stylesheets/chat.css Not Found
2025-10-22 11:01:16 error [www.ts]: GET /public/javascripts/chat.js Not Found
2025-10-22 11:01:17 error [www.ts]: GET /@vite/client Not Found
2025-10-22 11:01:49 error [www.ts]: GET /public/stylesheets/style.css Not Found
2025-10-22 11:01:49 error [www.ts]: GET /public/stylesheets/chat.css Not Found
2025-10-22 11:01:49 error [www.ts]: GET /public/javascripts/chat.js Not Found
2025-10-22 11:01:56 error [www.ts]: GET /public/stylesheets/style.css Not Found
2025-10-22 11:01:56 error [www.ts]: GET /public/stylesheets/chat.css Not Found
2025-10-22 11:01:56 error [www.ts]: GET /public/javascripts/chat.js Not Found
2025-10-22 11:03:47 error [www.ts]: GET /public/stylesheets/style.css Not Found
2025-10-22 11:03:47 error [www.ts]: GET /public/stylesheets/chat.css Not Found
2025-10-22 11:03:47 error [www.ts]: GET /public/javascripts/chat.js Not Found
2025-10-22 11:03:47 error [www.ts]: GET /@vite/client Not Found
2025-10-22 14:24:03 error [www.ts]: GET /stylesheets/style.css Not Found
2025-10-22 14:24:03 error [www.ts]: GET /stylesheets/chat.css Not Found
2025-10-22 14:24:03 error [www.ts]: GET /javascripts/chat.js Not Found
2025-10-22 14:24:03 error [www.ts]: GET /@vite/client Not Found
2025-10-22 14:29:05 error [www.ts]: GET /stylesheets/style.css Not Found
2025-10-22 14:29:05 error [www.ts]: GET /stylesheets/chat.css Not Found
2025-10-22 14:29:05 error [www.ts]: GET /javascripts/chat.js Not Found
2025-10-22 14:29:05 error [www.ts]: GET /@vite/client Not Found
2025-10-22 14:29:09 error [www.ts]: GET /stylesheets/style.css Not Found
2025-10-22 14:29:09 error [www.ts]: GET /stylesheets/chat.css Not Found
2025-10-22 14:29:09 error [www.ts]: GET /javascripts/chat.js Not Found
2025-10-22 14:29:09 error [www.ts]: GET /@vite/client Not Found
2025-10-22 14:31:25 error [www.ts]: GET /public/stylesheets/style.css Not Found
2025-10-22 14:31:25 error [www.ts]: GET /public/stylesheets/chat.css Not Found
2025-10-22 14:31:25 error [www.ts]: GET /public/javascripts/chat.js Not Found
2025-10-22 14:31:25 error [www.ts]: GET /@vite/client Not Found
2025-10-22 14:34:53 error [www.ts]: GET /stylesheets/style.css Not Found
2025-10-22 14:34:53 error [www.ts]: GET /stylesheets/chat.css Not Found
2025-10-22 14:34:53 error [www.ts]: GET /javascripts/chat.js Not Found
2025-10-22 14:34:53 error [www.ts]: GET /@vite/client Not Found
2025-10-22 14:34:59 error [www.ts]: GET /stylesheets/style.css Not Found
2025-10-22 14:34:59 error [www.ts]: GET /stylesheets/chat.css Not Found
2025-10-22 14:34:59 error [www.ts]: GET /javascripts/chat.js Not Found
2025-10-22 14:34:59 error [www.ts]: GET /@vite/client Not Found
2025-10-22 14:35:03 error [www.ts]: GET /stylesheets/style.css Not Found
2025-10-22 14:35:03 error [www.ts]: GET /stylesheets/chat.css Not Found
2025-10-22 14:35:03 error [www.ts]: GET /javascripts/chat.js Not Found
2025-10-22 14:35:04 error [www.ts]: GET /@vite/client Not Found
2025-10-22 14:35:05 error [www.ts]: GET /stylesheets/style.css Not Found
2025-10-22 14:35:05 error [www.ts]: GET /stylesheets/chat.css Not Found
2025-10-22 14:35:05 error [www.ts]: GET /javascripts/chat.js Not Found
2025-10-22 14:35:05 error [www.ts]: GET /@vite/client Not Found
2025-10-22 14:35:05 error [www.ts]: GET /stylesheets/style.css Not Found
2025-10-22 14:35:05 error [www.ts]: GET /stylesheets/chat.css Not Found
2025-10-22 14:35:05 error [www.ts]: GET /javascripts/chat.js Not Found
2025-10-22 14:35:06 error [www.ts]: GET /@vite/client Not Found
2025-10-22 14:35:14 error [www.ts]: GET /stylesheets/style.css Not Found
2025-10-22 14:35:14 error [www.ts]: GET /stylesheets/chat.css Not Found
2025-10-22 14:35:14 error [www.ts]: GET /javascripts/chat.js Not Found
2025-10-22 14:37:31 error [www.ts]: GET /public/stylesheets/style.css Not Found
2025-10-22 14:37:31 error [www.ts]: GET /public/stylesheets/chat.css Not Found
2025-10-22 14:37:31 error [www.ts]: GET /public/javascripts/chat.js Not Found
2025-10-22 14:37:31 error [www.ts]: GET /@vite/client Not Found
2025-10-22 14:38:41 error [www.ts]: GET /stylesheets/style.css Not Found
2025-10-22 14:38:41 error [www.ts]: GET /stylesheets/chat.css Not Found
2025-10-22 14:38:41 error [www.ts]: GET /javascripts/chat.js Not Found
2025-10-22 14:38:41 error [www.ts]: GET /@vite/client Not Found
2025-10-22 14:39:08 error [www.ts]: GET /stylesheets/style.css Not Found
2025-10-22 14:39:08 error [www.ts]: GET /stylesheets/chat.css Not Found
2025-10-22 14:39:08 error [www.ts]: GET /javascripts/chat.js Not Found
2025-10-22 14:39:08 error [www.ts]: GET /@vite/client Not Found
2025-10-22 14:39:21 error [www.ts]: GET /stylesheets/style.css Not Found
2025-10-22 14:39:21 error [www.ts]: GET /stylesheets/chat.css Not Found
2025-10-22 14:39:21 error [www.ts]: GET /javascripts/chat.js Not Found
2025-10-22 14:39:21 error [www.ts]: GET /@vite/client Not Found
2025-10-22 14:40:17 error [www.ts]: GET /public/stylesheets/style.css Not Found
2025-10-22 14:40:17 error [www.ts]: GET /public/stylesheets/chat.css Not Found
2025-10-22 14:40:17 error [www.ts]: GET /public/javascripts/chat.js Not Found
2025-10-22 14:40:17 error [www.ts]: GET /@vite/client Not Found
2025-10-22 14:41:05 error [www.ts]: GET /stylesheets/style.css Not Found
2025-10-22 14:41:05 error [www.ts]: GET /stylesheets/chat.css Not Found
2025-10-22 14:41:05 error [www.ts]: GET /javascripts/chat.js Not Found
2025-10-22 14:41:05 error [www.ts]: GET /@vite/client Not Found
2025-10-22 14:41:39 error [www.ts]: GET /stylesheets/style.css Not Found
2025-10-22 14:41:39 error [www.ts]: GET /stylesheets/chat.css Not Found
2025-10-22 14:41:39 error [www.ts]: GET /javascripts/chat.js Not Found
2025-10-22 14:41:39 error [www.ts]: GET /@vite/client Not Found
2025-10-22 14:41:50 error [www.ts]: GET /stylesheets/style.css Not Found
2025-10-22 14:41:50 error [www.ts]: GET /stylesheets/chat.css Not Found
2025-10-22 14:41:50 error [www.ts]: GET /javascripts/chat.js Not Found
2025-10-22 14:41:50 error [www.ts]: GET /@vite/client Not Found
2025-10-22 14:42:50 error [www.ts]: GET /public/stylesheets/style.css Not Found
2025-10-22 14:42:50 error [www.ts]: GET /public/stylesheets/chat.css Not Found
2025-10-22 14:42:50 error [www.ts]: GET /public/javascripts/chat.js Not Found
2025-10-22 14:42:50 error [www.ts]: GET /@vite/client Not Found
2025-10-22 14:43:40 error [www.ts]: GET /public/stylesheets/style.css Not Found
2025-10-22 14:43:40 error [www.ts]: GET /public/stylesheets/chat.css Not Found
2025-10-22 14:43:40 error [www.ts]: GET /public/javascripts/chat.js Not Found
2025-10-22 14:43:40 error [www.ts]: GET /@vite/client Not Found
2025-10-22 14:45:17 error [www.ts]: GET /stylesheets/style.css Not Found
2025-10-22 14:45:17 error [www.ts]: GET /stylesheets/chat.css Not Found
2025-10-22 14:45:17 error [www.ts]: GET /javascripts/chat.js Not Found
2025-10-22 14:45:17 error [www.ts]: GET /@vite/client Not Found
2025-10-22 14:46:44 error [www.ts]: GET /stylesheets/style.css Not Found
2025-10-22 14:46:44 error [www.ts]: GET /stylesheets/chat.css Not Found
2025-10-22 14:46:44 error [www.ts]: GET /javascripts/chat.js Not Found
2025-10-22 14:46:44 error [www.ts]: GET /@vite/client Not Found
2025-10-22 14:46:46 error [www.ts]: GET /stylesheets/style.css Not Found
2025-10-22 14:46:46 error [www.ts]: GET /stylesheets/chat.css Not Found
2025-10-22 14:46:46 error [www.ts]: GET /javascripts/chat.js Not Found
2025-10-22 14:46:46 error [www.ts]: GET /@vite/client Not Found
2025-10-22 14:47:01 error [www.ts]: GET /stylesheets/style.css Not Found
2025-10-22 14:47:01 error [www.ts]: GET /stylesheets/chat.css Not Found
2025-10-22 14:47:01 error [www.ts]: GET /javascripts/chat.js Not Found
2025-10-22 14:47:01 error [www.ts]: GET /@vite/client Not Found
2025-10-22 14:47:06 error [www.ts]: GET /stylesheets/style.css Not Found
2025-10-22 14:47:06 error [www.ts]: GET /stylesheets/chat.css Not Found
2025-10-22 14:47:06 error [www.ts]: GET /javascripts/chat.js Not Found
2025-10-22 14:47:06 error [www.ts]: GET /@vite/client Not Found
2025-10-22 14:49:44 error [www.ts]: GET /stylesheets/style.css Not Found
2025-10-22 14:49:44 error [www.ts]: GET /stylesheets/chat.css Not Found
2025-10-22 14:49:44 error [www.ts]: GET /javascripts/chat.js Not Found
2025-10-22 14:49:44 error [www.ts]: GET /@vite/client Not Found
2025-10-22 14:53:58 error [www.ts]: GET /public/stylesheets/style.css Not Found
2025-10-22 14:53:58 error [www.ts]: GET /public/stylesheets/chat.css Not Found
2025-10-22 14:53:58 error [www.ts]: GET /public/javascripts/chat.js Not Found
2025-10-22 14:53:58 error [www.ts]: GET /@vite/client Not Found
2025-10-22 14:53:58 error [www.ts]: GET /public/stylesheets/style.css Not Found
2025-10-22 14:53:58 error [www.ts]: GET /public/stylesheets/chat.css Not Found
2025-10-22 14:53:58 error [www.ts]: GET /public/javascripts/chat.js Not Found
2025-10-22 14:53:58 error [www.ts]: GET /@vite/client Not Found
2025-10-22 14:54:08 error [www.ts]: GET /public/stylesheets/style.css Not Found
2025-10-22 14:54:08 error [www.ts]: GET /public/stylesheets/chat.css Not Found
2025-10-22 14:54:08 error [www.ts]: GET /public/javascripts/chat.js Not Found
2025-10-22 14:54:08 error [www.ts]: GET /@vite/client Not Found
2025-10-22 14:54:36 error [www.ts]: GET /public/stylesheets/style.css Not Found
2025-10-22 14:54:36 error [www.ts]: GET /public/stylesheets/chat.css Not Found
2025-10-22 14:54:36 error [www.ts]: GET /public/javascripts/chat.js Not Found
2025-10-22 14:54:36 error [www.ts]: GET /@vite/client Not Found
2025-10-22 15:04:55 error [www.ts]: GET /stylesheets/style.css Not Found
2025-10-22 15:04:55 error [www.ts]: GET /stylesheets/chat.css Not Found
2025-10-22 15:04:55 error [www.ts]: GET /javascripts/chat.js Not Found
2025-10-22 15:04:55 error [www.ts]: GET /@vite/client Not Found
2025-10-22 15:04:57 error [www.ts]: GET /stylesheets/style.css Not Found
2025-10-22 15:04:57 error [www.ts]: GET /stylesheets/chat.css Not Found
2025-10-22 15:04:57 error [www.ts]: GET /javascripts/chat.js Not Found
2025-10-22 15:04:57 error [www.ts]: GET /@vite/client Not Found
2025-10-22 15:06:06 error [www.ts]: GET /stylesheets/style.css Not Found
2025-10-22 15:06:06 error [www.ts]: GET /stylesheets/chat.css Not Found
2025-10-22 15:06:06 error [www.ts]: GET /javascripts/chat.js Not Found
2025-10-22 15:06:06 error [www.ts]: GET /@vite/client Not Found
2025-10-22 15:06:10 error [www.ts]: GET /stylesheets/style.css Not Found
2025-10-22 15:06:10 error [www.ts]: GET /stylesheets/chat.css Not Found
2025-10-22 15:06:10 error [www.ts]: GET /javascripts/chat.js Not Found
2025-10-22 15:11:15 error [www.ts]: GET /stylesheets/style.css Not Found
2025-10-22 15:11:15 error [www.ts]: GET /stylesheets/chat.css Not Found
2025-10-22 15:11:15 error [www.ts]: GET /javascripts/chat.js Not Found
2025-10-22 15:11:15 error [www.ts]: GET /@vite/client Not Found
2025-10-22 15:11:34 error [www.ts]: GET /stylesheets/style.css Not Found
2025-10-22 15:11:35 error [www.ts]: GET /stylesheets/chat.css Not Found
2025-10-22 15:11:35 error [www.ts]: GET /javascripts/chat.js Not Found
2025-10-22 15:11:35 error [www.ts]: GET /@vite/client Not Found
2025-10-22 15:11:52 error [www.ts]: GET /stylesheets/style.css Not Found
2025-10-22 15:11:52 error [www.ts]: GET /stylesheets/chat.css Not Found
2025-10-22 15:11:52 error [www.ts]: GET /javascripts/chat.js Not Found
2025-10-22 15:11:52 error [www.ts]: GET /javascripts/chat.js Not Found
2025-10-22 15:15:08 error [www.ts]: GET /public/stylesheets/style.css Not Found
2025-10-22 15:15:08 error [www.ts]: GET /stylesheets/chat.css Not Found
2025-10-22 15:15:08 error [www.ts]: GET /javascripts/chat.js Not Found
2025-10-22 15:15:08 error [www.ts]: GET /@vite/client Not Found
2025-10-22 15:15:12 error [www.ts]: GET /stylesheets/chat.css Not Found
2025-10-22 15:15:12 error [www.ts]: GET /public/stylesheets/style.css Not Found
2025-10-22 15:15:12 error [www.ts]: GET /javascripts/chat.js Not Found
2025-10-22 15:15:12 error [www.ts]: GET /@vite/client Not Found
2025-10-22 15:15:22 error [www.ts]: GET /stylesheets/chat.css Not Found
2025-10-22 15:15:22 error [www.ts]: GET /public/stylesheets/style.css Not Found
2025-10-22 15:15:22 error [www.ts]: GET /javascripts/chat.js Not Found
2025-10-22 15:16:18 error [www.ts]: GET /stylesheets/style.css Not Found
2025-10-22 15:16:18 error [www.ts]: GET /stylesheets/chat.css Not Found
2025-10-22 15:16:18 error [www.ts]: GET /javascripts/chat.js Not Found
2025-10-22 15:16:18 error [www.ts]: GET /@vite/client Not Found
2025-10-22 15:17:15 error [www.ts]: GET /public/stylesheets/style.css Not Found
2025-10-22 15:17:15 error [www.ts]: GET /public/stylesheets/chat.css Not Found
2025-10-22 15:17:15 error [www.ts]: GET /public/javascripts/chat.js Not Found
2025-10-22 15:17:15 error [www.ts]: GET /@vite/client Not Found
2025-10-22 15:18:23 error [www.ts]: GET /public/stylesheets/style.css Not Found
2025-10-22 15:18:23 error [www.ts]: GET /public/stylesheets/chat.css Not Found
2025-10-22 15:18:23 error [www.ts]: GET /public/javascripts/chat.js Not Found
2025-10-22 15:18:23 error [www.ts]: GET /@vite/client Not Found
2025-10-22 15:18:26 error [www.ts]: GET /public/stylesheets/style.css Not Found
2025-10-22 15:18:26 error [www.ts]: GET /public/stylesheets/chat.css Not Found
2025-10-22 15:18:26 error [www.ts]: GET /public/javascripts/chat.js Not Found
2025-10-22 15:18:27 error [www.ts]: GET /@vite/client Not Found
2025-10-22 15:19:10 error [www.ts]: GET /stylesheets/style.css Not Found
2025-10-22 15:19:10 error [www.ts]: GET /stylesheets/chat.css Not Found
2025-10-22 15:19:10 error [www.ts]: GET /javascripts/chat.js Not Found
2025-10-22 15:19:10 error [www.ts]: GET /@vite/client Not Found
2025-10-22 15:19:14 error [www.ts]: GET /stylesheets/style.css Not Found
2025-10-22 15:19:14 error [www.ts]: GET /stylesheets/chat.css Not Found
2025-10-22 15:19:14 error [www.ts]: GET /javascripts/chat.js Not Found
2025-10-22 15:19:51 error [www.ts]: GET /public/stylesheets/style.css Not Found
2025-10-22 15:19:51 error [www.ts]: GET /public/stylesheets/chat.css Not Found
2025-10-22 15:19:51 error [www.ts]: GET /public/javascripts/chat.js Not Found
2025-10-22 15:19:51 error [www.ts]: GET /@vite/client Not Found
2025-10-22 15:22:23 error [www.ts]: GET /stylesheets/style.css Not Found
2025-10-22 15:22:23 error [www.ts]: GET /stylesheets/chat.css Not Found
2025-10-22 15:22:23 error [www.ts]: GET /javascripts/chat.js Not Found
2025-10-22 15:22:23 error [www.ts]: GET /@vite/client Not Found
2025-10-22 15:23:10 error [www.ts]: GET /public/stylesheets/style.css Not Found
2025-10-22 15:23:10 error [www.ts]: GET /public/stylesheets/chat.css Not Found
2025-10-22 15:23:10 error [www.ts]: GET /public/javascripts/chat.js Not Found
2025-10-22 15:23:10 error [www.ts]: GET /@vite/client Not Found
2025-10-22 15:23:11 error [www.ts]: GET /public/stylesheets/style.css Not Found
2025-10-22 15:23:11 error [www.ts]: GET /public/stylesheets/chat.css Not Found
2025-10-22 15:23:11 error [www.ts]: GET /public/javascripts/chat.js Not Found
2025-10-22 15:23:11 error [www.ts]: GET /@vite/client Not Found
2025-10-22 15:23:19 error [www.ts]: GET /public/stylesheets/style.css Not Found
2025-10-22 15:23:19 error [www.ts]: GET /public/stylesheets/chat.css Not Found
2025-10-22 15:23:19 error [www.ts]: GET /public/javascripts/chat.js Not Found
2025-10-22 15:24:21 error [www.ts]: GET /stylesheets/style.css Not Found
2025-10-22 15:24:21 error [www.ts]: GET /stylesheets/chat.css Not Found
2025-10-22 15:24:21 error [www.ts]: GET /javascripts/chat.js Not Found
2025-10-22 15:24:21 error [www.ts]: GET /@vite/client Not Found
2025-10-22 15:25:13 error [www.ts]: GET /stylesheets/chat.css Not Found
2025-10-22 15:25:13 error [www.ts]: GET /public/stylesheets/style.css Not Found
2025-10-22 15:25:13 error [www.ts]: GET /javascripts/chat.js Not Found
2025-10-22 15:25:13 error [www.ts]: GET /@vite/client Not Found
2025-10-22 15:25:14 error [www.ts]: GET /stylesheets/chat.css Not Found
2025-10-22 15:25:14 error [www.ts]: GET /javascripts/chat.js Not Found
2025-10-22 15:25:14 error [www.ts]: GET /public/stylesheets/style.css Not Found
2025-10-22 15:25:14 error [www.ts]: GET /@vite/client Not Found
2025-10-22 15:25:15 error [www.ts]: GET /public/stylesheets/style.css Not Found
2025-10-22 15:25:15 error [www.ts]: GET /stylesheets/chat.css Not Found
2025-10-22 15:25:15 error [www.ts]: GET /javascripts/chat.js Not Found
2025-10-22 15:25:16 error [www.ts]: GET /@vite/client Not Found
2025-10-22 15:25:18 error [www.ts]: GET /stylesheets/chat.css Not Found
2025-10-22 15:25:18 error [www.ts]: GET /javascripts/chat.js Not Found
2025-10-22 15:25:18 error [www.ts]: GET /public/stylesheets/style.css Not Found
2025-10-22 15:25:18 error [www.ts]: GET /@vite/client Not Found
2025-10-22 15:25:24 error [www.ts]: GET /stylesheets/chat.css Not Found
2025-10-22 15:25:24 error [www.ts]: GET /public/stylesheets/style.css Not Found
2025-10-22 15:25:24 error [www.ts]: GET /javascripts/chat.js Not Found
2025-10-22 15:25:27 error [www.ts]: GET /stylesheets/chat.css Not Found
2025-10-22 15:25:27 error [www.ts]: GET /public/stylesheets/style.css Not Found
2025-10-22 15:25:27 error [www.ts]: GET /.well-known/appspecific/com.chrome.devtools.json Not Found
2025-10-22 15:25:32 error [www.ts]: GET /.well-known/appspecific/com.chrome.devtools.json Not Found
2025-10-22 15:25:32 error [www.ts]: GET /public/stylesheets/style.css Not Found
2025-10-22 15:25:32 error [www.ts]: GET /stylesheets/chat.css Not Found
2025-10-22 15:25:32 error [www.ts]: GET /javascripts/chat.js Not Found
2025-10-22 15:25:35 error [www.ts]: GET /.well-known/appspecific/com.chrome.devtools.json Not Found
2025-10-22 15:25:35 error [www.ts]: GET /stylesheets/chat.css Not Found
2025-10-22 15:25:35 error [www.ts]: GET /javascripts/chat.js Not Found
2025-10-22 15:25:35 error [www.ts]: GET /public/stylesheets/style.css Not Found
2025-10-22 15:27:42 error [www.ts]: GET /public/stylesheets/style.css Not Found
2025-10-22 15:27:42 error [www.ts]: GET /stylesheets/chat.css Not Found
2025-10-22 15:27:42 error [www.ts]: GET /javascripts/chat.js Not Found
2025-10-22 15:27:42 error [www.ts]: GET /@vite/client Not Found
2025-10-22 15:27:46 error [www.ts]: GET /public/stylesheets/style.css Not Found
2025-10-22 15:27:46 error [www.ts]: GET /stylesheets/chat.css Not Found
2025-10-22 15:27:46 error [www.ts]: GET /javascripts/chat.js Not Found
2025-10-22 15:27:46 error [www.ts]: GET /@vite/client Not Found
2025-10-22 15:29:35 error [www.ts]: GET /chat Not Found
2025-10-22 15:29:35 error [www.ts]: GET /.well-known/appspecific/com.chrome.devtools.json Not Found
2025-10-22 15:29:41 error [www.ts]: GET /chat?ide_webview_request_time=1761118066622 Not Found
2025-10-22 15:29:41 error [www.ts]: GET /chat?ide_webview_request_time=1761118066622 Not Found
2025-10-22 15:29:41 error [www.ts]: GET /@vite/client Not Found
2025-10-22 15:29:42 error [www.ts]: GET /chat?ide_webview_request_time=1761118182232 Not Found
2025-10-22 15:29:42 error [www.ts]: GET /@vite/client Not Found
2025-10-22 15:29:54 error [www.ts]: GET /chat?ide_webview_request_time=1761118182232 Not Found
2025-10-22 15:29:54 error [www.ts]: GET /chat?ide_webview_request_time=1761118182232 Not Found
2025-10-22 15:29:54 error [www.ts]: GET /@vite/client Not Found
2025-10-22 15:30:50 error [www.ts]: GET /chat?ide_webview_request_time=1761118182232 Not Found
2025-10-22 15:30:50 error [www.ts]: GET /chat?ide_webview_request_time=1761118182232 Not Found
2025-10-22 15:30:50 error [www.ts]: GET /@vite/client Not Found
2025-10-22 15:30:52 error [www.ts]: GET /chat?ide_webview_request_time=1761118252008 Not Found
2025-10-22 15:30:52 error [www.ts]: GET /@vite/client Not Found
2025-10-22 15:30:52 error [www.ts]: GET /chat?ide_webview_request_time=1761118252840 Not Found
2025-10-22 15:30:52 error [www.ts]: GET /@vite/client Not Found
2025-10-22 15:30:55 error [www.ts]: GET /chat?ide_webview_request_time=1761118255318 Not Found
2025-10-22 15:30:55 error [www.ts]: GET /@vite/client Not Found
2025-10-22 15:31:42 error [www.ts]: GET /public/stylesheets/style.css Not Found
2025-10-22 15:31:42 error [www.ts]: GET /@vite/client Not Found
2025-10-22 15:31:46 error [www.ts]: GET /public/stylesheets/style.css Not Found
2025-10-22 15:31:46 error [www.ts]: GET /@vite/client Not Found
2025-10-22 15:31:49 error [www.ts]: GET /public/stylesheets/style.css Not Found
2025-10-22 15:31:49 error [www.ts]: GET /@vite/client Not Found
2025-10-22 15:32:40 error [www.ts]: GET /public/stylesheets/style.css Not Found
2025-10-22 15:32:40 error [www.ts]: GET /@vite/client Not Found
2025-10-22 15:32:51 error [www.ts]: GET /public/stylesheets/style.css Not Found
2025-10-22 15:32:51 error [www.ts]: GET /@vite/client Not Found
2025-10-22 15:32:52 error [www.ts]: GET /public/stylesheets/style.css Not Found
2025-10-22 15:32:52 error [www.ts]: GET /@vite/client Not Found
2025-10-22 15:33:36 error [www.ts]: GET /stylesheets/style.css Not Found
2025-10-22 15:33:36 error [www.ts]: GET /@vite/client Not Found
2025-10-22 15:34:03 error [www.ts]: GET /stylesheets/style.css Not Found
2025-10-22 15:34:03 error [www.ts]: GET /@vite/client Not Found
2025-10-22 15:34:12 error [www.ts]: GET /stylesheets/style.css Not Found
2025-10-22 15:34:12 error [www.ts]: GET /.well-known/appspecific/com.chrome.devtools.json Not Found
2025-10-22 15:35:50 error [www.ts]: GET /stylesheets/style.css Not Found
2025-10-22 15:35:50 error [www.ts]: GET /.well-known/appspecific/com.chrome.devtools.json Not Found
2025-10-22 15:36:00 error [www.ts]: GET /stylesheets/style.css Not Found
2025-10-22 15:36:00 error [www.ts]: GET /@vite/client Not Found
2025-10-22 15:36:01 error [www.ts]: GET /stylesheets/style.css Not Found
2025-10-22 15:36:01 error [www.ts]: GET /@vite/client Not Found
2025-10-22 15:37:44 error [www.ts]: GET /stylesheets/style.css Not Found
2025-10-22 15:37:44 error [www.ts]: GET /stylesheets/chat.css Not Found
2025-10-22 15:37:44 error [www.ts]: GET /javascripts/chat.js Not Found
2025-10-22 15:37:44 error [www.ts]: GET /@vite/client Not Found
2025-10-22 15:38:54 error [www.ts]: GET /@vite/client Not Found
2025-10-22 15:39:01 error [www.ts]: GET /.well-known/appspecific/com.chrome.devtools.json Not Found
2025-10-22 15:43:34 error [www.ts]: GET /@vite/client Not Found
2025-10-22 15:49:17 error [www.ts]: GET /@vite/client Not Found
2025-10-22 15:49:17 error [www.ts]: GET /@vite/client Not Found
2025-10-22 15:49:57 error [www.ts]: GET /@vite/client Not Found
2025-10-22 15:50:14 error [www.ts]: GET /.well-known/appspecific/com.chrome.devtools.json Not Found
2025-10-22 15:52:28 error [www.ts]: GET /@vite/client Not Found
2025-10-22 15:54:18 error [www.ts]: GET /@vite/client Not Found
2025-10-22 15:54:22 error [www.ts]: GET /@vite/client Not Found
2025-10-22 15:55:28 error [www.ts]: GET /@vite/client Not Found
2025-10-22 15:55:45 error [www.ts]: GET /@vite/client Not Found
2025-10-22 15:55:59 error [www.ts]: GET /@vite/client Not Found
2025-10-22 15:57:51 error [www.ts]: GET /@vite/client Not Found
2025-10-22 15:57:52 error [www.ts]: GET /@vite/client Not Found
2025-10-22 15:57:57 error [www.ts]: GET /@vite/client Not Found
2025-10-22 15:59:13 error [www.ts]: GET /@vite/client Not Found
2025-10-22 15:59:47 error [www.ts]: GET /.well-known/appspecific/com.chrome.devtools.json Not Found
2025-10-22 15:59:55 error [www.ts]: GET /.well-known/appspecific/com.chrome.devtools.json Not Found
2025-10-22 16:01:44 error [www.ts]: GET /@vite/client Not Found
2025-10-22 16:09:49 error [www.ts]: GET /@vite/client Not Found
2025-10-22 16:09:49 error [www.ts]: GET /@vite/client Not Found
2025-10-22 16:09:50 error [www.ts]: GET /@vite/client Not Found
2025-10-22 16:09:51 error [www.ts]: GET /@vite/client Not Found
2025-10-22 16:09:54 error [www.ts]: GET /@vite/client Not Found
2025-10-22 16:12:23 error [www.ts]: GET /@vite/client Not Found
2025-10-22 16:12:23 error [www.ts]: GET /@vite/client Not Found
2025-10-22 16:31:43 error [www.ts]: GET /@vite/client Not Found
2025-10-22 16:31:50 error [www.ts]: GET /@vite/client Not Found
2025-10-23 15:02:28 error [www.ts]: GET /@vite/client Not Found
2025-10-23 17:45:36 error [www.ts]: POST /api/v1/knowledge-base/chat Not Found
2025-10-24 09:47:59 error [www.ts]: GET /@vite/client Not Found
2025-10-24 10:03:50 error [www.ts]: POST /api/v1/gaokao/chat Not Found
2025-10-24 10:04:44 error [www.ts]: POST /api/v1/gaokao/chat Not Found
2025-10-24 10:05:36 error [www.ts]: POST /api/v1/gaokao/chat Not Found
2025-10-24 10:05:56 error [www.ts]: POST /api/v1/gaokao/chat Not Found
2025-10-24 10:06:16 error [www.ts]: POST /api/v1/gaokao/chat Not Found
2025-10-24 10:06:27 error [www.ts]: POST /api/v1/gaokao/chat Not Found
2025-10-24 10:15:08 error [www.ts]: POST /api/v1/gaokao/chat Not Found
2025-10-24 10:18:07 error [www.ts]: POST /api/v1/gaokao/chat Not Found
2025-10-24 10:20:47 error [www.ts]: GET /api/v1/gaokao/universities?type=university&keyword=%E5%8C%97%E4%BA%AC%E5%A4%A7%E5%AD%A6 Not Found
2025-10-24 10:20:48 error [www.ts]: GET /api/v1/gaokao/universities?type=university&keyword=%E5%8C%97%E4%BA%AC%E5%A4%A7%E5%AD%A6 Not Found
2025-10-24 10:31:10 error [www.ts]: GET /api/v1/gaokao/universities?type=university&keyword=%E5%8C%97%E4%BA%AC%E5%A4%A7%E5%AD%A6 Not Found
2025-10-24 10:43:04 error [www.ts]: GET /api/v1/gaokao/universities?type=university&keyword=%E5%8C%97%E4%BA%AC%E5%A4%A7%E5%AD%A6&location=%E5%8C%97%E4%BA%AC Not Found
2025-10-24 11:03:10 error [www.ts]: GET / Not Found
2025-10-24 11:03:25 error [www.ts]: GET / Not Found
2025-10-24 11:26:26 error [www.ts]: GET /@vite/client Not Found
2025-10-24 11:26:27 error [www.ts]: GET /@vite/client Not Found
